
Showing logs for build [32mcb-kubecd-environment-pr-164-95-dr6xk-1[0m stage [32mfrom-build-pack[0m and container [32mstep-credential-initializer-pt8kv[0m
{"level":"warn","ts":1582334031.1789796,"logger":"fallback-logger","caller":"logging/config.go:69","msg":"Fetch GitHub commit ID from kodata failed: \"ref: refs/heads/0.8.0-**-support-backwards-incompats\" is not a valid GitHub commit ID"}
{"level":"info","ts":1582334031.1796672,"logger":"fallback-logger","caller":"creds-init/main.go:40","msg":"Credentials initialized."}

Showing logs for build [32mcb-kubecd-environment-pr-164-95-dr6xk-1[0m stage [32mfrom-build-pack[0m and container [32mstep-working-dir-initializer-ft2f9[0m
{"level":"warn","ts":1582334032.535677,"logger":"fallback-logger","caller":"logging/config.go:69","msg":"Fetch GitHub commit ID from kodata failed: open /var/run/ko/HEAD: no such file or directory"}
{"level":"info","ts":1582334032.5371814,"logger":"fallback-logger","caller":"bash/main.go:64","msg":"Successfully executed command \"sh -c mkdir -p /workspace/source\"; output "}

Showing logs for build [32mcb-kubecd-environment-pr-164-95-dr6xk-1[0m stage [32mfrom-build-pack[0m and container [32mstep-place-tools[0m

Showing logs for build [32mcb-kubecd-environment-pr-164-95-dr6xk-1[0m stage [32mfrom-build-pack[0m and container [32mstep-git-source-cb-kubecd-environment-pr-164-95-dr6xk-bs5c7[0m
{"level":"warn","ts":1582334037.6400974,"logger":"fallback-logger","caller":"logging/config.go:69","msg":"Fetch GitHub commit ID from kodata failed: \"ref: refs/heads/0.8.0-**-support-backwards-incompats\" is not a valid GitHub commit ID"}
{"level":"info","ts":1582334038.6696916,"logger":"fallback-logger","caller":"git/git.go:103","msg":"Successfully cloned https://github.com/cb-kubecd/environment-pr-164-95-boot-vault-gke-staging.git @ master in path /workspace/source"}

Showing logs for build [32mcb-kubecd-environment-pr-164-95-dr6xk-1[0m stage [32mfrom-build-pack[0m and container [32mstep-git-merge[0m
Using SHAs from PULL_REFS=master:b827c6690ee0d15c67b8a58ee782cffb0d724c32,3:bf85c7cbb8ee0905fca769e87c833001adac6085
DEBUG: LC_ALL=C JX_LOG_LEVEL=error git fetch origin --unshallow bf85c7cbb8ee0905fca769e87c833001adac6085: b827c6690ee0d15c67b8a58ee782cffb0d724c32:
DEBUG: ran git fetch --unshallow origin bf85c7cbb8ee0905fca769e87c833001adac6085: b827c6690ee0d15c67b8a58ee782cffb0d724c32: in 
DEBUG: LC_ALL=C JX_LOG_LEVEL=error git branch
DEBUG: LC_ALL=C JX_LOG_LEVEL=error git checkout master
DEBUG: ran git checkout master in 
DEBUG: LC_ALL=C JX_LOG_LEVEL=error git reset --hard b827c6690ee0d15c67b8a58ee782cffb0d724c32
DEBUG: ran git reset --hard b827c6690ee0d15c67b8a58ee782cffb0d724c32 in 
DEBUG: LC_ALL=C JX_LOG_LEVEL=error git clean -fd .
DEBUG: ran clean --force -d . in 
DEBUG: LC_ALL=C JX_LOG_LEVEL=error git merge bf85c7cbb8ee0905fca769e87c833001adac6085
DEBUG: ran git merge bf85c7cbb8ee0905fca769e87c833001adac6085 in 
DEBUG: LC_ALL=C JX_LOG_LEVEL=error git log --format=%H%x1f%an%x1f%ae%x1f%cn%x1f%ce%x1f%s%n%b%x1e b827c6690ee0d15c67b8a58ee782cffb0d724c32..HEAD
Merged SHA bf85c7cbb8ee0905fca769e87c833001adac6085 with commit message 'chore: Promote bdd-nh-1582332632 to version 0.0.1' into base branch master

Showing logs for build [32mcb-kubecd-environment-pr-164-95-dr6xk-1[0m stage [32mfrom-build-pack[0m and container [32mstep-build-helm-build[0m
WARNING: No $CHART_REPOSITORY defined so using the default value of: http://jenkins-x-chartmuseum:8080
Adding missing Helm repo: storage.googleapis.com https://storage.googleapis.com/chartmuseum.jenkins-x.io
WARNING: No secrets found on "helm/repos" due: reading the secret "helm/repos" from vault: no secret "helm/repos" not found in vault
Read credentials for https://storage.googleapis.com/chartmuseum.jenkins-x.io from vault helm/repos
Successfully added Helm repository storage.googleapis.com.
Adding missing Helm repo: jenkins-x-chartmuseum http://jenkins-x-chartmuseum:8080
WARNING: No secrets found on "helm/repos" due: reading the secret "helm/repos" from vault: no secret "helm/repos" not found in vault
Read credentials for http://jenkins-x-chartmuseum:8080 from vault helm/repos
Successfully added Helm repository jenkins-x-chartmuseum.
WARNING: No $CHART_REPOSITORY defined so using the default value of: http://jenkins-x-chartmuseum:8080
Adding missing Helm repo: chartmuseum.jenkins-x.io http://chartmuseum.jenkins-x.io
WARNING: No secrets found on "helm/repos" due: reading the secret "helm/repos" from vault: no secret "helm/repos" not found in vault
Read credentials for http://chartmuseum.jenkins-x.io from vault helm/repos
Successfully added Helm repository chartmuseum.jenkins-x.io.
